# JRE version: OpenJDK Runtime Environment (7.0_65-b32) (build 1.7.0_65-b32)
# Java VM: OpenJDK 64-Bit Server VM (24.65-b04 mixed mode linux-amd64 compressed oops)
Heap
 PSYoungGen      total 1960960K, used 0K [0x0000000700100000, 0x0000000794780000, 0x0000000800000000)
  eden space 1506304K, 0% used [0x0000000700100000,0x0000000700100000,0x000000075c000000)
  from space 454656K, 0% used [0x0000000777e80000,0x0000000777e80000,0x0000000793a80000)
  to   space 457216K, 0% used [0x000000075c000000,0x000000075c000000,0x0000000777e80000)
 ParOldGen       total 7407104K, used 7276601K [0x0000000500400000, 0x00000006c4580000, 0x0000000700100000)
  object space 7407104K, 98% used [0x0000000500400000,0x00000006bc60e4a8,0x00000006c4580000)
 PSPermGen       total 21504K, used 3848K [0x00000004f5e00000, 0x00000004f7300000, 0x0000000500400000)
  object space 21504K, 17% used [0x00000004f5e00000,0x00000004f61c22e8,0x00000004f7300000)
GC Heap History (10 events):
Event: 501.555 GC heap after
Heap after GC invocations=1236 (full 13):
 PSYoungGen      total 1712640K, used 293088K [0x0000000700100000, 0x000000078c180000, 0x0000000800000000)
  eden space 1248768K, 0% used [0x0000000700100000,0x0000000700100000,0x000000074c480000)
  from space 463872K, 63% used [0x000000074c480000,0x000000075e2b8000,0x0000000768980000)
  to   space 457728K, 0% used [0x0000000770280000,0x0000000770280000,0x000000078c180000)
 ParOldGen       total 6424064K, used 6233028K [0x0000000500400000, 0x0000000688580000, 0x0000000700100000)
  object space 6424064K, 97% used [0x0000000500400000,0x000000067caf1280,0x0000000688580000)
 PSPermGen       total 21504K, used 3848K [0x00000004f5e00000, 0x00000004f7300000, 0x0000000500400000)
  object space 21504K, 17% used [0x00000004f5e00000,0x00000004f61c22e8,0x00000004f7300000)
}
Event: 501.555 GC heap before
{Heap before GC invocations=1237 (full 14):
 PSYoungGen      total 1712640K, used 293088K [0x0000000700100000, 0x000000078c180000, 0x0000000800000000)
  eden space 1248768K, 0% used [0x0000000700100000,0x0000000700100000,0x000000074c480000)
  from space 463872K, 63% used [0x000000074c480000,0x000000075e2b8000,0x0000000768980000)
  to   space 457728K, 0% used [0x0000000770280000,0x0000000770280000,0x000000078c180000)
 ParOldGen       total 6424064K, used 6233028K [0x0000000500400000, 0x0000000688580000, 0x0000000700100000)
  object space 6424064K, 97% used [0x0000000500400000,0x000000067caf1280,0x0000000688580000)
 PSPermGen       total 21504K, used 3848K [0x00000004f5e00000, 0x00000004f7300000, 0x0000000500400000)
  object space 21504K, 17% used [0x00000004f5e00000,0x00000004f61c22e8,0x00000004f7300000)
Event: 513.244 GC heap after
Heap after GC invocations=1237 (full 14):
 PSYoungGen      total 1712640K, used 0K [0x0000000700100000, 0x000000078c180000, 0x0000000800000000)
  eden space 1248768K, 0% used [0x0000000700100000,0x0000000700100000,0x000000074c480000)
  from space 463872K, 0% used [0x000000074c480000,0x000000074c480000,0x0000000768980000)
  to   space 457728K, 0% used [0x0000000770280000,0x0000000770280000,0x000000078c180000)
 ParOldGen       total 7407104K, used 6340962K [0x0000000500400000, 0x00000006c4580000, 0x0000000700100000)
  object space 7407104K, 85% used [0x0000000500400000,0x0000000683458af0,0x00000006c4580000)
 PSPermGen       total 21504K, used 3848K [0x00000004f5e00000, 0x00000004f7300000, 0x0000000500400000)
  object space 21504K, 17% used [0x00000004f5e00000,0x00000004f61c22e8,0x00000004f7300000)
}
Event: 515.809 GC heap before
{Heap before GC invocations=1238 (full 14):
 PSYoungGen      total 1712640K, used 1248768K [0x0000000700100000, 0x000000078c180000, 0x0000000800000000)
  eden space 1248768K, 100% used [0x0000000700100000,0x000000074c480000,0x000000074c480000)
  from space 463872K, 0% used [0x000000074c480000,0x000000074c480000,0x0000000768980000)
  to   space 457728K, 0% used [0x0000000770280000,0x0000000770280000,0x000000078c180000)
 ParOldGen       total 7407104K, used 6340962K [0x0000000500400000, 0x00000006c4580000, 0x0000000700100000)
  object space 7407104K, 85% used [0x0000000500400000,0x0000000683458af0,0x00000006c4580000)
 PSPermGen       total 21504K, used 3848K [0x00000004f5e00000, 0x00000004f7300000, 0x0000000500400000)
  object space 21504K, 17% used [0x00000004f5e00000,0x00000004f61c22e8,0x00000004f7300000)
Event: 518.515 GC heap after
Heap after GC invocations=1238 (full 14):
 PSYoungGen      total 1803776K, used 292800K [0x0000000700100000, 0x000000078ab00000, 0x0000000800000000)
  eden space 1369088K, 0% used [0x0000000700100000,0x0000000700100000,0x0000000753a00000)
  from space 434688K, 67% used [0x0000000770280000,0x0000000782070000,0x000000078ab00000)
  to   space 451072K, 0% used [0x0000000753a00000,0x0000000753a00000,0x000000076f280000)
 ParOldGen       total 7407104K, used 6340962K [0x0000000500400000, 0x00000006c4580000, 0x0000000700100000)
  object space 7407104K, 85% used [0x0000000500400000,0x0000000683458af0,0x00000006c4580000)
 PSPermGen       total 21504K, used 3848K [0x00000004f5e00000, 0x00000004f7300000, 0x0000000500400000)
  object space 21504K, 17% used [0x00000004f5e00000,0x00000004f61c22e8,0x00000004f7300000)
}
Event: 521.316 GC heap before
{Heap before GC invocations=1239 (full 14):
 PSYoungGen      total 1803776K, used 1661888K [0x0000000700100000, 0x000000078ab00000, 0x0000000800000000)
  eden space 1369088K, 100% used [0x0000000700100000,0x0000000753a00000,0x0000000753a00000)
  from space 434688K, 67% used [0x0000000770280000,0x0000000782070000,0x000000078ab00000)
  to   space 451072K, 0% used [0x0000000753a00000,0x0000000753a00000,0x000000076f280000)
 ParOldGen       total 7407104K, used 6340962K [0x0000000500400000, 0x00000006c4580000, 0x0000000700100000)
  object space 7407104K, 85% used [0x0000000500400000,0x0000000683458af0,0x00000006c4580000)
 PSPermGen       total 21504K, used 3848K [0x00000004f5e00000, 0x00000004f7300000, 0x0000000500400000)
  object space 21504K, 17% used [0x00000004f5e00000,0x00000004f61c22e8,0x00000004f7300000)
Event: 526.683 GC heap after
Heap after GC invocations=1239 (full 14):
 PSYoungGen      total 1820160K, used 321088K [0x0000000700100000, 0x0000000793a80000, 0x0000000800000000)
  eden space 1369088K, 0% used [0x0000000700100000,0x0000000700100000,0x0000000753a00000)
  from space 451072K, 71% used [0x0000000753a00000,0x0000000767390000,0x000000076f280000)
  to   space 454656K, 0% used [0x0000000777e80000,0x0000000777e80000,0x0000000793a80000)
 ParOldGen       total 7407104K, used 6634770K [0x0000000500400000, 0x00000006c4580000, 0x0000000700100000)
  object space 7407104K, 89% used [0x0000000500400000,0x0000000695344af0,0x00000006c4580000)
 PSPermGen       total 21504K, used 3848K [0x00000004f5e00000, 0x00000004f7300000, 0x0000000500400000)
  object space 21504K, 17% used [0x00000004f5e00000,0x00000004f61c22e8,0x00000004f7300000)
}
Event: 529.431 GC heap before
{Heap before GC invocations=1240 (full 14):
 PSYoungGen      total 1820160K, used 1690176K [0x0000000700100000, 0x0000000793a80000, 0x0000000800000000)
  eden space 1369088K, 100% used [0x0000000700100000,0x0000000753a00000,0x0000000753a00000)
  from space 451072K, 71% used [0x0000000753a00000,0x0000000767390000,0x000000076f280000)
  to   space 454656K, 0% used [0x0000000777e80000,0x0000000777e80000,0x0000000793a80000)
 ParOldGen       total 7407104K, used 6634770K [0x0000000500400000, 0x00000006c4580000, 0x0000000700100000)
  object space 7407104K, 89% used [0x0000000500400000,0x0000000695344af0,0x00000006c4580000)
 PSPermGen       total 21504K, used 3848K [0x00000004f5e00000, 0x00000004f7300000, 0x0000000500400000)
  object space 21504K, 17% used [0x00000004f5e00000,0x00000004f61c22e8,0x00000004f7300000)
Event: 536.733 GC heap after
Heap after GC invocations=1240 (full 14):
 PSYoungGen      total 1960960K, used 323008K [0x0000000700100000, 0x0000000794780000, 0x0000000800000000)
  eden space 1506304K, 0% used [0x0000000700100000,0x0000000700100000,0x000000075c000000)
  from space 454656K, 71% used [0x0000000777e80000,0x000000078b9f0000,0x0000000793a80000)
  to   space 457216K, 0% used [0x000000075c000000,0x000000075c000000,0x0000000777e80000)
 ParOldGen       total 7407104K, used 6956962K [0x0000000500400000, 0x00000006c4580000, 0x0000000700100000)
  object space 7407104K, 93% used [0x0000000500400000,0x00000006a8de8af0,0x00000006c4580000)
 PSPermGen       total 21504K, used 3848K [0x00000004f5e00000, 0x00000004f7300000, 0x0000000500400000)
  object space 21504K, 17% used [0x00000004f5e00000,0x00000004f61c22e8,0x00000004f7300000)
}
Event: 536.792 GC heap before
{Heap before GC invocations=1241 (full 15):
 PSYoungGen      total 1960960K, used 323008K [0x0000000700100000, 0x0000000794780000, 0x0000000800000000)
  eden space 1506304K, 0% used [0x0000000700100000,0x0000000700100000,0x000000075c000000)
  from space 454656K, 71% used [0x0000000777e80000,0x000000078b9f0000,0x0000000793a80000)
  to   space 457216K, 0% used [0x000000075c000000,0x000000075c000000,0x0000000777e80000)
 ParOldGen       total 7407104K, used 6956962K [0x0000000500400000, 0x00000006c4580000, 0x0000000700100000)
  object space 7407104K, 93% used [0x0000000500400000,0x00000006a8de8af0,0x00000006c4580000)
 PSPermGen       total 21504K, used 3848K [0x00000004f5e00000, 0x00000004f7300000, 0x0000000500400000)
  object space 21504K, 17% used [0x00000004f5e00000,0x00000004f61c22e8,0x00000004f7300000)

